[debug] [2020-11-15T06:23:43.358Z] ----------------------------------------------------------------------
[debug] [2020-11-15T06:23:43.361Z] Command:       C:\Program Files\nodejs\node.exe C:\Users\QA\AppData\Roaming\npm\node_modules\firebase-tools\lib\bin\firebase.js serve
[debug] [2020-11-15T06:23:43.361Z] CLI Version:   8.16.2
[debug] [2020-11-15T06:23:43.361Z] Platform:      win32
[debug] [2020-11-15T06:23:43.361Z] Node Version:  v12.18.3
[debug] [2020-11-15T06:23:43.362Z] Time:          Sun Nov 15 2020 13:23:43 GMT+0700 (Indochina Time)
[debug] [2020-11-15T06:23:43.362Z] ----------------------------------------------------------------------
[debug] [2020-11-15T06:23:43.363Z] 
[debug] [2020-11-15T06:23:43.373Z] > command requires scopes: ["email","openid","https://www.googleapis.com/auth/cloudplatformprojects.readonly","https://www.googleapis.com/auth/firebase","https://www.googleapis.com/auth/cloud-platform"]
[debug] [2020-11-15T06:23:43.373Z] > authorizing via signed-in user
[debug] [2020-11-15T06:23:43.374Z] [iam] checking project navatan-7d712 for permissions ["firebase.projects.get"]
[debug] [2020-11-15T06:23:43.377Z] >>> HTTP REQUEST POST https://cloudresourcemanager.googleapis.com/v1/projects/navatan-7d712:testIamPermissions  
 {"permissions":["firebase.projects.get"]}
[debug] [2020-11-15T06:23:44.350Z] <<< HTTP RESPONSE 200 {"content-type":"application/json; charset=UTF-8","vary":"X-Origin, Referer, Origin,Accept-Encoding","date":"Sun, 15 Nov 2020 06:23:38 GMT","server":"ESF","cache-control":"private","x-xss-protection":"0","x-frame-options":"SAMEORIGIN","x-content-type-options":"nosniff","server-timing":"gfet4t7; dur=825","alt-svc":"h3-Q050=\":443\"; ma=2592000,h3-29=\":443\"; ma=2592000,h3-T051=\":443\"; ma=2592000,h3-Q046=\":443\"; ma=2592000,h3-Q043=\":443\"; ma=2592000,quic=\":443\"; ma=2592000; v=\"46,43\"","accept-ranges":"none","transfer-encoding":"chunked"}
[debug] [2020-11-15T06:23:44.352Z] >>> HTTP REQUEST GET https://firebase.googleapis.com/v1beta1/projects/navatan-7d712  
 
[debug] [2020-11-15T06:23:44.742Z] <<< HTTP RESPONSE 200 {"content-type":"application/json; charset=UTF-8","vary":"X-Origin, Referer, Origin,Accept-Encoding","date":"Sun, 15 Nov 2020 06:23:39 GMT","server":"ESF","cache-control":"private","x-xss-protection":"0","x-frame-options":"SAMEORIGIN","x-content-type-options":"nosniff","alt-svc":"h3-Q050=\":443\"; ma=2592000,h3-29=\":443\"; ma=2592000,h3-T051=\":443\"; ma=2592000,h3-Q046=\":443\"; ma=2592000,h3-Q043=\":443\"; ma=2592000,quic=\":443\"; ma=2592000; v=\"46,43\"","accept-ranges":"none","transfer-encoding":"chunked"}
[info] 
[info] === Serving from 'C:\Users\QA\Desktop\template\final-user-navatan\capstone-project-fe-fall20'...
[info] 
[debug] [2020-11-15T06:23:44.747Z] >>> HTTP REQUEST GET https://firebase.googleapis.com/v1beta1/projects/navatan-7d712/webApps/-/config  
 
[debug] [2020-11-15T06:23:46.116Z] <<< HTTP RESPONSE 200 {"content-type":"application/json; charset=UTF-8","vary":"X-Origin, Referer, Origin,Accept-Encoding","date":"Sun, 15 Nov 2020 06:23:40 GMT","server":"ESF","cache-control":"private","x-xss-protection":"0","x-frame-options":"SAMEORIGIN","x-content-type-options":"nosniff","alt-svc":"h3-Q050=\":443\"; ma=2592000,h3-29=\":443\"; ma=2592000,h3-T051=\":443\"; ma=2592000,h3-Q046=\":443\"; ma=2592000,h3-Q043=\":443\"; ma=2592000,quic=\":443\"; ma=2592000; v=\"46,43\"","accept-ranges":"none","transfer-encoding":"chunked"}
[info] i  hosting: Serving hosting files from: public {"metadata":{"emulator":{"name":"hosting"},"message":"Serving hosting files from: \u001b[1mpublic\u001b[22m"}}
[info] +  hosting: Local server: http://localhost:5000 {"metadata":{"emulator":{"name":"hosting"},"message":"Local server: \u001b[4m\u001b[1mhttp://localhost:5000\u001b[22m\u001b[24m"}}
